\BOOKMARK [0][-]{chapter.1}{\376\377\000E\000l\000e\000c\000t\000r\000i\000c\000i\000t\000y\000\040\000a\000n\000d\000\040\000M\000a\000g\000n\000e\000t\000i\000s\000m}{}% 1
\BOOKMARK [1][-]{section.1.1}{\376\377\000R\000e\000v\000i\000e\000w\000\040\000o\000f\000\040\000E\000l\000e\000c\000t\000r\000o\000n\000s\000t\000a\000t\000i\000c\000s}{chapter.1}% 2
\BOOKMARK [2][-]{subsection.1.1.1}{\376\377\000E\000l\000e\000c\000t\000r\000i\000c\000\040\000C\000h\000a\000r\000g\000e}{section.1.1}% 3
\BOOKMARK [2][-]{subsection.1.1.2}{\376\377\000C\000o\000n\000d\000u\000c\000t\000o\000r\000s\000\040\000a\000n\000d\000\040\000I\000n\000s\000u\000l\000a\000t\000o\000r\000s}{section.1.1}% 4
\BOOKMARK [2][-]{subsection.1.1.3}{\376\377\000D\000i\000f\000f\000e\000r\000e\000n\000t\000\040\000m\000e\000t\000h\000o\000d\000s\000\040\000o\000f\000\040\000c\000h\000a\000r\000g\000i\000n\000g}{section.1.1}% 5
\BOOKMARK [1][-]{section.1.2}{\376\377\000C\000o\000u\000l\000o\000m\000b\000'\000s\000\040\000L\000a\000w}{chapter.1}% 6
\BOOKMARK [2][-]{subsection.1.2.1}{\376\377\000B\000a\000c\000k\000g\000r\000o\000u\000n\000d}{section.1.2}% 7
\BOOKMARK [2][-]{subsection.1.2.2}{\376\377\000F\000o\000r\000m\000u\000l\000a}{section.1.2}% 8
\BOOKMARK [1][-]{section.1.3}{\376\377\000E\000l\000e\000c\000t\000r\000i\000c\000\040\000F\000i\000e\000l\000d\000s}{chapter.1}% 9
\BOOKMARK [1][-]{section.1.4}{\376\377\000E\000l\000e\000c\000t\000r\000i\000c\000\040\000P\000o\000t\000e\000n\000t\000i\000a\000l\000\040\000E\000n\000e\000r\000g\000y\000\040\000\046\000\040\000E\000l\000e\000c\000t\000r\000i\000c\000\040\000P\000o\000t\000e\000n\000t\000i\000a\000l}{chapter.1}% 10
\BOOKMARK [2][-]{subsection.1.4.1}{\376\377\000E\000l\000e\000c\000t\000r\000i\000c\000\040\000P\000o\000t\000e\000n\000t\000i\000a\000l\000\040\000E\000n\000e\000r\000g\000y}{section.1.4}% 11
\BOOKMARK [2][-]{subsection.1.4.2}{\376\377\000E\000l\000e\000c\000t\000r\000i\000c\000\040\000P\000o\000t\000e\000n\000t\000i\000a\000l\000\040\000f\000o\000r\000\040\000P\000o\000i\000n\000t\000\040\000C\000h\000a\000r\000g\000e\000s}{section.1.4}% 12
\BOOKMARK [1][-]{section.1.5}{\376\377\000E\000l\000e\000c\000t\000r\000i\000c\000a\000l\000\040\000P\000o\000t\000e\000n\000t\000i\000a\000l\000\040\000D\000i\000f\000f\000e\000r\000e\000n\000c\000e}{chapter.1}% 13
\BOOKMARK [1][-]{section.1.6}{\376\377\000T\000h\000e\000\040\000e\000l\000e\000c\000t\000r\000i\000c\000a\000l\000\040\000f\000i\000e\000l\000d\000\040\000i\000n\000\040\000b\000e\000t\000w\000e\000e\000n\000\040\000t\000w\000o\000\040\000c\000h\000a\000r\000g\000e\000d\000\040\000p\000a\000r\000a\000l\000l\000e\000l\000\040\000p\000l\000a\000t\000e\000s}{chapter.1}% 14
\BOOKMARK [1][-]{section.1.7}{\376\377\000M\000a\000g\000n\000e\000t\000i\000c\000\040\000F\000o\000r\000c\000e\000\040\000o\000n\000\040\000M\000o\000v\000i\000n\000g\000\040\000C\000h\000a\000r\000g\000e\000s}{chapter.1}% 15
\BOOKMARK [2][-]{subsection.1.7.1}{\376\377\000M\000a\000g\000n\000e\000t\000i\000c\000\040\000F\000o\000r\000c\000e}{section.1.7}% 16
\BOOKMARK [2][-]{subsection.1.7.2}{\376\377\000R\000i\000g\000h\000t\000\040\000H\000a\000n\000d\000\040\000R\000u\000l\000e}{section.1.7}% 17
\BOOKMARK [1][-]{section.1.8}{\376\377\000T\000h\000e\000\040\000m\000o\000t\000i\000o\000n\000\040\000o\000f\000\040\000C\000h\000a\000r\000g\000e\000d\000\040\000P\000a\000r\000t\000i\000c\000l\000e\000s\000\040\000i\000n\000\040\000M\000a\000g\000n\000e\000t\000i\000c\000\040\000F\000i\000e\000l\000d\000s}{chapter.1}% 18
\BOOKMARK [1][-]{section.1.9}{\376\377\000T\000h\000e\000\040\000M\000a\000g\000n\000e\000t\000i\000c\000\040\000F\000o\000r\000c\000e\000\040\000o\000n\000\040\000a\000\040\000S\000t\000r\000a\000i\000g\000h\000t\000\040\000C\000o\000n\000d\000u\000c\000t\000o\000r}{chapter.1}% 19
\BOOKMARK [2][-]{subsection.1.9.1}{\376\377\000D\000e\000f\000i\000n\000i\000t\000i\000o\000n\000s}{section.1.9}% 20
\BOOKMARK [2][-]{subsection.1.9.2}{\376\377\000W\000h\000a\000t\000\040\000i\000s\000\040\000T\000e\000s\000l\000a}{section.1.9}% 21
