\BOOKMARK [0][-]{chapter.3}{\376\377\000O\000n\000e\000\040\000V\000a\000r\000i\000a\000b\000l\000e\000\040\000S\000t\000a\000t\000i\000s\000t\000i\000c\000s}{}% 20
\BOOKMARK [1][-]{section.3.1}{\376\377\000V\000a\000r\000i\000a\000b\000l\000e\000s\000\040\000a\000n\000d\000\040\000D\000a\000t\000a}{chapter.3}% 21
\BOOKMARK [2][-]{subsection.3.1.1}{\376\377\000D\000e\000f\000i\000n\000i\000t\000i\000o\000n\000s}{section.3.1}% 22
\BOOKMARK [1][-]{section.3.2}{\376\377\000O\000n\000e\000\040\000V\000a\000r\000i\000a\000b\000l\000e\000\040\000G\000r\000a\000p\000h\000s}{chapter.3}% 23
\BOOKMARK [2][-]{subsection.3.2.1}{\376\377\000S\000o\000m\000e\000\040\000D\000e\000f\000i\000n\000i\000t\000i\000o\000n\000s}{section.3.2}% 24
\BOOKMARK [1][-]{section.3.3}{\376\377\000C\000e\000n\000t\000r\000a\000l\000\040\000T\000e\000n\000d\000e\000n\000c\000y}{chapter.3}% 25
\BOOKMARK [2][-]{subsection.3.3.1}{\376\377\000D\000e\000f\000i\000n\000i\000t\000i\000o\000n\000s\000\040\000o\000f\000\040\000C\000e\000n\000t\000r\000a\000l\000\040\000T\000e\000n\000d\000e\000n\000c\000y}{section.3.3}% 26
\BOOKMARK [1][-]{section.3.4}{\376\377\000S\000t\000a\000n\000d\000a\000r\000d\000\040\000D\000e\000v\000i\000a\000t\000i\000o\000n}{chapter.3}% 27
\BOOKMARK [1][-]{section.3.5}{\376\377\000Q\000u\000a\000r\000t\000i\000l\000e\000s}{chapter.3}% 28
\BOOKMARK [2][-]{subsection.3.5.1}{\376\377\000D\000e\000f\000i\000n\000i\000t\000i\000o\000n\000s}{section.3.5}% 29
\BOOKMARK [2][-]{subsection.3.5.2}{\376\377\000P\000e\000r\000c\000e\000n\000t\000i\000l\000e\000s}{section.3.5}% 30
\BOOKMARK [1][-]{section.3.6}{\376\377\000S\000p\000r\000e\000a\000d\000\040\000G\000r\000o\000u\000p\000e\000d\000\040\000D\000a\000t\000a}{chapter.3}% 31
\BOOKMARK [2][-]{subsection.3.6.1}{\376\377\000F\000o\000r\000\040\000w\000e\000i\000g\000h\000t\000e\000d\000\040\000d\000a\000t\000a}{section.3.6}% 32
\BOOKMARK [1][-]{section.3.7}{\376\377\000C\000o\000l\000l\000e\000c\000t\000\040\000d\000a\000t\000a}{chapter.3}% 33
\BOOKMARK [2][-]{subsection.3.7.1}{\376\377\000A\000n\000o\000n\000y\000m\000o\000u\000s\000\040\000a\000n\000d\000\040\000n\000o\000t\000\040\000b\000e\000\040\000a\000n\000o\000n\000y\000m\000o\000u\000s}{section.3.7}% 34
\BOOKMARK [2][-]{subsection.3.7.2}{\376\377\000S\000u\000r\000v\000e\000y\000\040\000Q\000u\000e\000s\000t\000i\000o\000n\000s}{section.3.7}% 35
\BOOKMARK [2][-]{subsection.3.7.3}{\376\377\000Q\000u\000e\000s\000t\000i\000o\000n\000s\000\040\000s\000h\000o\000u\000l\000d\000\040\000b\000e\000\040\000a\000v\000o\000i\000d\000e\000d}{section.3.7}% 36
\BOOKMARK [2][-]{subsection.3.7.4}{\376\377\000E\000x\000p\000e\000r\000i\000m\000e\000n\000t\000a\000l\000\040\000v\000s\000\040\000O\000b\000s\000e\000r\000v\000a\000t\000i\000o\000n\000a\000l\000\040\000s\000t\000u\000d\000y}{section.3.7}% 37
\BOOKMARK [1][-]{section.3.8}{\376\377\000s\000a\000m\000p\000l\000i\000n\000g}{chapter.3}% 38
\BOOKMARK [2][-]{subsection.3.8.1}{\376\377\000S\000o\000m\000e\000\040\000t\000y\000p\000e\000\040\000o\000f\000\040\000s\000a\000m\000p\000l\000i\000n\000g}{section.3.8}% 39
\BOOKMARK [1][-]{section.3.9}{\376\377\000B\000i\000a\000s}{chapter.3}% 40
