\BOOKMARK [0][-]{chapter.3}{\376\377\000U\000n\000i\000t\000\040\0002\000:\000\040\000E\000n\000e\000r\000g\000y\000\040\000a\000n\000d\000\040\000M\000o\000m\000e\000n\000t\000u\000m}{}% 65
\BOOKMARK [1][-]{section.3.1}{\376\377\000W\000o\000r\000k\000\040\000a\000n\000d\000\040\000K\000i\000n\000e\000t\000i\000c\000\040\000E\000n\000e\000r\000g\000y}{chapter.3}% 66
\BOOKMARK [2][-]{subsection.3.1.1}{\376\377\000K\000i\000n\000e\000t\000i\000c\000\040\000E\000n\000e\000r\000g\000y}{section.3.1}% 67
\BOOKMARK [2][-]{subsection.3.1.2}{\376\377\000M\000e\000c\000h\000a\000n\000c\000i\000a\000l\000\040\000W\000o\000r\000k}{section.3.1}% 68
\BOOKMARK [1][-]{section.3.2}{\376\377\000G\000r\000a\000v\000a\000t\000i\000o\000n\000a\000l\000\040\000P\000o\000t\000e\000n\000t\000i\000a\000l\000\040\000E\000n\000e\000r\000g\000y}{chapter.3}% 69
\BOOKMARK [2][-]{subsection.3.2.1}{\376\377\000S\000o\000m\000e\000\040\000b\000o\000r\000i\000n\000g\000\040\000d\000e\000f\000i\000n\000i\000t\000i\000o\000n\000s}{section.3.2}% 70
\BOOKMARK [2][-]{subsection.3.2.2}{\376\377\000F\000o\000r\000m\000u\000l\000a\000s\000\040\000f\000o\000r\000\040\000G\000P\000E}{section.3.2}% 71
\BOOKMARK [1][-]{section.3.3}{\376\377\000T\000h\000e\000\040\000l\000a\000w\000\040\000o\000f\000\040\000t\000h\000e\000\040\000C\000o\000n\000s\000e\000r\000v\000a\000t\000i\000o\000n\000\040\000o\000f\000\040\000E\000n\000e\000r\000g\000y}{chapter.3}% 72
\BOOKMARK [2][-]{subsection.3.3.1}{\376\377\000B\000o\000r\000i\000n\000g\000\040\000D\000e\000f\000i\000n\000i\000t\000i\000o\000n\000s}{section.3.3}% 73
\BOOKMARK [2][-]{subsection.3.3.2}{\376\377\000Q\000u\000e\000s\000t\000i\000o\000n\000\040\000s\000o\000l\000v\000i\000n\000g\000\040\000t\000e\000c\000h\000n\000i\000q\000u\000e\000s}{section.3.3}% 74
\BOOKMARK [1][-]{section.3.4}{\376\377\000S\000t\000r\000i\000n\000g\000\040\000\046\000\040\000E\000l\000a\000s\000t\000i\000c\000\040\000P\000o\000t\000e\000n\000t\000i\000a\000l\000\040\000E\000n\000e\000r\000g\000y}{chapter.3}% 75
\BOOKMARK [2][-]{subsection.3.4.1}{\376\377\000T\000h\000e\000\040\000F\000o\000r\000c\000e\000\040\000o\000f\000\040\000S\000t\000r\000i\000n\000g}{section.3.4}% 76
\BOOKMARK [2][-]{subsection.3.4.2}{\376\377\000E\000l\000a\000s\000t\000i\000c\000\040\000P\000o\000t\000e\000n\000t\000i\000a\000l\000\040\000E\000n\000e\000r\000g\000y}{section.3.4}% 77
\BOOKMARK [2][-]{subsection.3.4.3}{\376\377\000I\000g\000n\000o\000r\000e\000\040\000G\000r\000a\000v\000a\000t\000i\000o\000n\000a\000l\000\040\000P\000o\000t\000e\000n\000t\000i\000a\000l\000\040\000E\000n\000e\000r\000g\000y}{section.3.4}% 78
\BOOKMARK [1][-]{section.3.5}{\376\377\000S\000i\000m\000p\000l\000e\000\040\000H\000a\000r\000m\000o\000n\000i\000c\000\040\000M\000o\000t\000i\000o\000n}{chapter.3}% 79
\BOOKMARK [2][-]{subsection.3.5.1}{\376\377\000D\000e\000f\000i\000n\000i\000t\000i\000o\000n\000s}{section.3.5}% 80
\BOOKMARK [2][-]{subsection.3.5.2}{\376\377\000H\000o\000w\000\040\000c\000a\000n\000\040\000w\000e\000\040\000s\000o\000l\000v\000e\000\040\000f\000o\000r\000m\000\040\000t\000h\000e\000\040\000a\000c\000c\000e\000l\000e\000r\000a\000t\000i\000o\000n\000\040\000o\000f\000\040\000S\000H\000M}{section.3.5}% 81
\BOOKMARK [2][-]{subsection.3.5.3}{\376\377\000T\000h\000e\000\040\000p\000e\000r\000i\000o\000d\000\040\000o\000f\000\040\000t\000h\000e\000\040\000S\000i\000m\000p\000l\000e\000\040\000H\000a\000r\000m\000o\000n\000i\000c\000\040\000M\000o\000t\000i\000o\000n}{section.3.5}% 82
\BOOKMARK [1][-]{section.3.6}{\376\377\000L\000i\000n\000e\000a\000r\000\040\000M\000o\000m\000e\000n\000t\000u\000m\000\040\000\046\000\040\000I\000m\000p\000u\000l\000s\000e}{chapter.3}% 83
\BOOKMARK [1][-]{section.3.7}{\376\377\000C\000o\000n\000s\000e\000r\000v\000a\000t\000i\000o\000n\000\040\000o\000f\000\040\000M\000o\000m\000e\000n\000t\000u\000m}{chapter.3}% 84
\BOOKMARK [2][-]{subsection.3.7.1}{\376\377\000E\000q\000u\000a\000t\000i\000o\000n}{section.3.7}% 85
\BOOKMARK [1][-]{section.3.8}{\376\377\000T\000y\000p\000e\000s\000\040\000o\000f\000\040\000C\000o\000l\000l\000i\000s\000i\000o\000n\000s}{chapter.3}% 86
\BOOKMARK [2][-]{subsection.3.8.1}{\376\377\000D\000e\000f\000i\000n\000i\000t\000i\000o\000n\000s}{section.3.8}% 87
\BOOKMARK [2][-]{subsection.3.8.2}{\376\377\000E\000l\000a\000s\000t\000i\000c\000\040\000C\000o\000l\000l\000i\000s\000i\000o\000n\000s}{section.3.8}% 88
\BOOKMARK [2][-]{subsection.3.8.3}{\376\377\000I\000n\000e\000l\000a\000s\000i\000c\000\040\000C\000o\000l\000l\000i\000s\000i\000o\000n}{section.3.8}% 89
\BOOKMARK [1][-]{section.3.9}{\376\377\000H\000E\000A\000D\000-\000O\000N\000\040\000C\000o\000l\000l\000i\000s\000i\000o\000n\000s}{chapter.3}% 90
\BOOKMARK [2][-]{subsection.3.9.1}{\376\377\000E\000q\000u\000a\000t\000i\000o\000n\000s}{section.3.9}% 91
\BOOKMARK [1][-]{section.3.10}{\376\377\000R\000e\000a\000l\000\040\000G\000r\000a\000v\000i\000t\000a\000t\000o\000n\000a\000l\000\040\000P\000o\000t\000e\000n\000t\000i\000a\000l\000\040\000E\000n\000e\000r\000g\000y}{chapter.3}% 92
\BOOKMARK [2][-]{subsection.3.10.1}{\376\377\000R\000e\000a\000l\000\040\000g\000r\000a\000v\000i\000t\000i\000o\000n\000a\000l\000\040\000p\000o\000t\000e\000n\000t\000i\000a\000l\000\040\000E\000n\000e\000r\000g\000y}{section.3.10}% 93
\BOOKMARK [2][-]{subsection.3.10.2}{\376\377\000S\000a\000t\000e\000l\000l\000i\000t\000e}{section.3.10}% 94
\BOOKMARK [1][-]{section.3.11}{\376\377\000E\000s\000c\000a\000p\000e\000\040\000f\000r\000o\000m\000\040\000a\000\040\000G\000r\000a\000v\000a\000t\000i\000o\000n\000a\000l\000\040\000F\000i\000e\000l\000d}{chapter.3}% 95
