\BOOKMARK [1][-]{section.1}{\376\377\000C\000l\000a\000s\000s\000\040\0001\000:\000\040\000Q\000u\000a\000d\000r\000a\000t\000i\000c\000s\000,\000\040\000V\000i\000e\000t\000a\000,\000\040\000a\000n\000d\000\040\000F\000a\000c\000t\000o\000r\000i\000z\000a\000t\000i\000o\000n}{}% 1
\BOOKMARK [2][-]{subsection.1.1}{\376\377\000Q\000u\000a\000d\000r\000a\000t\000i\000c\000\040\000E\000q\000u\000a\000t\000i\000o\000n}{section.1}% 2
\BOOKMARK [2][-]{subsection.1.2}{\376\377\000R\000o\000o\000t\000s\000\040\000o\000f\000\040\000Q\000u\000a\000d\000r\000a\000t\000i\000c\000\040\000E\000q\000u\000a\000t\000i\000o\000n}{section.1}% 3
\BOOKMARK [2][-]{subsection.1.3}{\376\377\000V\000i\000e\000t\000a\000'\000s\000\040\000F\000o\000r\000m\000u\000l\000a}{section.1}% 4
\BOOKMARK [2][-]{subsection.1.4}{\376\377\000F\000a\000c\000t\000o\000r\000i\000z\000a\000t\000i\000o\000n\000s}{section.1}% 5
\BOOKMARK [1][-]{section.2}{\376\377\000C\000l\000a\000s\000s\000\040\0002\000:\000\040\000S\000o\000l\000v\000i\000n\000g\000\040\000e\000q\000u\000a\000t\000i\000o\000n\000s\000\040\000a\000n\000d\000\040\000s\000y\000s\000t\000e\000m\000s}{}% 6
\BOOKMARK [1][-]{section.3}{\376\377\000C\000l\000a\000s\000s\000\040\0003\000:\000\040\000S\000e\000q\000u\000e\000n\000c\000e\000s\000\040\000a\000n\000d\000\040\000S\000e\000r\000i\000e\000s}{}% 7
\BOOKMARK [2][-]{subsection.3.1}{\376\377\000A\000r\000i\000t\000h\000e\000m\000t\000i\000c\000\040\000S\000e\000q\000u\000e\000n\000c\000e\000s\000\040\000a\000n\000d\000\040\000S\000e\000r\000i\000e\000s}{section.3}% 8
\BOOKMARK [2][-]{subsection.3.2}{\376\377\000G\000e\000o\000m\000e\000t\000r\000i\000c\000\040\000S\000e\000q\000u\000e\000n\000c\000e\000s\000\040\000a\000n\000d\000\040\000S\000e\000r\000i\000e\000s}{section.3}% 9
\BOOKMARK [1][-]{section.4}{\376\377\000L\000e\000s\000s\000o\000n\000\040\0004\000:\000\040\000F\000u\000n\000c\000t\000i\000o\000n\000s\000\040\000a\000n\000d\000\040\000P\000o\000l\000y\000n\000o\000m\000i\000a\000l\000s}{}% 10
\BOOKMARK [2][-]{subsection.4.1}{\376\377\000A\000B\000S\000O\000L\000U\000T\000E\000\040\000V\000A\000L\000U\000E}{section.4}% 11
\BOOKMARK [2][-]{subsection.4.2}{\376\377\000F\000l\000o\000o\000r\000\040\000F\000u\000n\000c\000t\000i\000o\000n}{section.4}% 12
\BOOKMARK [2][-]{subsection.4.3}{\376\377\000L\000o\000g\000a\000r\000i\000t\000h\000m\000s}{section.4}% 13
\BOOKMARK [2][-]{subsection.4.4}{\376\377\000P\000O\000L\000Y\000N\000O\000M\000I\000A\000L\000S}{section.4}% 14
\BOOKMARK [1][-]{section.5}{\376\377\000T\000o\000o\000l\000s\000\040\000f\000o\000r\000\040\000A\000l\000g\000e\000b\000r\000a}{}% 15
\BOOKMARK [2][-]{subsection.5.1}{\376\377\000R\000A\000D\000I\000C\000A\000L\000S}{section.5}% 16
\BOOKMARK [2][-]{subsection.5.2}{\376\377\000M\000I\000N\000I\000M\000A\000\040\000A\000N\000D\000\040\000M\000A\000X\000I\000M\000A}{section.5}% 17
\BOOKMARK [2][-]{subsection.5.3}{\376\377\000A\000M\000-\000G\000M\000\040\000i\000n\000e\000q\000u\000a\000l\000i\000t\000y}{section.5}% 18
\BOOKMARK [2][-]{subsection.5.4}{\376\377\000T\000H\000E\000\040\000T\000R\000I\000A\000N\000G\000L\000E\000\040\000I\000N\000E\000Q\000U\000A\000L\000I\000T\000Y}{section.5}% 19
\BOOKMARK [1][-]{section.6}{\376\377\000T\000r\000i\000a\000n\000g\000l\000e\000s}{}% 20
\BOOKMARK [2][-]{subsection.6.1}{\376\377\000R\000i\000g\000h\000t\000\040\000T\000r\000i\000a\000n\000g\000l\000e\000s}{section.6}% 21
\BOOKMARK [2][-]{subsection.6.2}{\376\377\000S\000i\000m\000i\000l\000a\000r\000\040\000T\000r\000i\000a\000n\000g\000l\000e}{section.6}% 22
\BOOKMARK [2][-]{subsection.6.3}{\376\377\000L\000a\000w\000\040\000o\000f\000\040\000S\000i\000n\000e\000s\000\040\000a\000n\000d\000\040\000C\000o\000s\000i\000n\000e\000s}{section.6}% 23
\BOOKMARK [2][-]{subsection.6.4}{\376\377\000L\000a\000w\000\040\000o\000f\000\040\000C\000o\000s\000i\000n\000e\000s}{section.6}% 24
\BOOKMARK [2][-]{subsection.6.5}{\376\377\000H\000e\000r\000o\000n\000'\000s\000\040\000F\000o\000r\000m\000u\000l\000a}{section.6}% 25
\BOOKMARK [1][-]{section.7}{\376\377\000C\000i\000r\000c\000l\000e}{}% 26
\BOOKMARK [2][-]{subsection.7.1}{\376\377\000E\000x\000a\000m\000p\000l\000e\000\040\000Q\000u\000e\000s\000t\000i\000o\000n}{section.7}% 27
\BOOKMARK [2][-]{subsection.7.2}{\376\377\000E\000x\000a\000m\000p\000l\000e\000\040\000Q\000u\000e\000s\000t\000i\000o\000n\000\040\0002}{section.7}% 28
\BOOKMARK [2][-]{subsection.7.3}{\376\377\000P\000o\000w\000e\000r\000\040\000o\000f\000\040\000a\000\040\000P\000o\000i\000n\000t}{section.7}% 29
\BOOKMARK [2][-]{subsection.7.4}{\376\377\000T\000h\000e\000\040\000i\000n\000r\000a\000d\000i\000u\000s\000\040\000o\000f\000\040\000a\000\040\000q\000u\000a\000d\000r\000i\000l\000a\000t\000e\000r\000i\000a\000l\000\040\000r\000e\000c\000t\000a\000n\000g\000l\000e}{section.7}% 30
\BOOKMARK [1][-]{section.8}{\376\377\000C\000l\000a\000s\000s\000\040\0008\000:\000\040\000P\000o\000l\000y\000g\000o\000n\000s\000\040\000a\000n\000d\000\040\000T\000h\000r\000e\000e\000-\000D\000i\000m\000e\000n\000s\000i\000o\000n\000a\000l\000\040\000G\000e\000o\000m\000e\000t\000r\000y}{}% 31
\BOOKMARK [2][-]{subsection.8.1}{\376\377\000P\000o\000l\000y\000g\000o\000n\000s}{section.8}% 32
\BOOKMARK [1][-]{section.9}{\376\377\000C\000l\000a\000s\000s\000\040\0009\000:\000\040\000N\000u\000m\000b\000e\000r\000\040\000T\000h\000e\000o\000r\000y}{}% 33
