\BOOKMARK [1][-]{section.1}{\376\377\000R\000e\000v\000i\000e\000w\000\040\000o\000f\000\040\000D\000e\000s\000c\000r\000i\000b\000i\000n\000g\000\040\000a\000n\000d\000\040\000G\000r\000a\000p\000h\000i\000n\000g\000\040\000M\000o\000t\000i\000o\000n}{}% 1
\BOOKMARK [2][-]{subsection.1.1}{\376\377\000P\000o\000s\000i\000t\000i\000o\000n\000:\000\040}{section.1}% 2
\BOOKMARK [2][-]{subsection.1.2}{\376\377\000d\000i\000s\000p\000l\000a\000c\000e\000m\000e\000n\000t\000:\000\040}{section.1}% 3
\BOOKMARK [2][-]{subsection.1.3}{\376\377\000V\000e\000l\000o\000c\000i\000t\000y\000:\000\040}{section.1}% 4
\BOOKMARK [2][-]{subsection.1.4}{\376\377\000A\000c\000c\000e\000l\000e\000r\000a\000t\000i\000o\000n\000:\000\040}{section.1}% 5
\BOOKMARK [2][-]{subsection.1.5}{\376\377\000G\000r\000a\000p\000h\000i\000n\000g\000\040\000m\000o\000t\000i\000o\000n}{section.1}% 6
\BOOKMARK [1][-]{section.2}{\376\377\000E\000q\000u\000a\000t\000i\000o\000n\000s\000\040\000o\000f\000\040\000M\000o\000t\000i\000o\000n}{}% 7
\BOOKMARK [2][-]{subsection.2.1}{\376\377\000F\000o\000r\000m\000a\000t\000\040\000r\000e\000q\000u\000i\000r\000e\000m\000e\000n\000t\000s\000\040\000f\000o\000r\000\040\000a\000n\000s\000w\000e\000r\000i\000n\000g\000\040\000M\000o\000t\000i\000o\000n\000\040\000q\000u\000e\000s\000t\000i\000o\000n\000s\000s}{section.2}% 8
\BOOKMARK [1][-]{section.3}{\376\377\000A\000d\000d\000i\000n\000g\000\040\000a\000n\000d\000\040\000S\000u\000b\000t\000r\000a\000c\000t\000i\000n\000g\000\040\0002\000-\000D\000i\000m\000e\000n\000s\000i\000o\000n\000a\000l\000\040\000V\000e\000c\000t\000o\000r\000s}{}% 9
\BOOKMARK [2][-]{subsection.3.1}{\376\377\000V\000e\000c\000t\000o\000r\000\040\000a\000d\000d\000i\000t\000i\000o\000n\000\040\000a\000n\000d\000\040\000s\000u\000b\000t\000r\000a\000c\000t\000i\000o\000n\000\040\000k\000e\000y\000\040\000w\000o\000r\000d\000s}{section.3}% 10
\BOOKMARK [2][-]{subsection.3.2}{\376\377\000S\000t\000e\000p\000s\000\040\000f\000o\000r\000\040\000s\000o\000l\000v\000i\000n\000g\000\040\000a\000\040\000v\000e\000c\000t\000o\000r\000\040\000p\000r\000o\000b\000l\000e\000m}{section.3}% 11
\BOOKMARK [2][-]{subsection.3.3}{\376\377\000A\000n\000o\000t\000h\000e\000r\000\040\000q\000u\000e\000s\000t\000i\000o\000n\000\040\000t\000y\000p\000e}{section.3}% 12
\BOOKMARK [1][-]{section.4}{\376\377\000F\000r\000a\000m\000e\000\040\000o\000f\000\040\000R\000e\000f\000e\000r\000e\000n\000c\000e}{}% 13
\BOOKMARK [2][-]{subsection.4.1}{\376\377\0001\000\040\000D\000i\000m\000e\000n\000s\000i\000o\000n\000\040\000F\000r\000a\000m\000e\000\040\000o\000f\000\040\000R\000e\000f\000e\000r\000e\000n\000c\000e}{section.4}% 14
\BOOKMARK [1][-]{section.5}{\376\377\000R\000e\000l\000a\000t\000i\000v\000e\000\040\000V\000e\000l\000o\000c\000i\000t\000i\000e\000s\000\040\000i\000n\000\040\000T\000w\000o\000\040\000D\000i\000m\000e\000n\000s\000i\000o\000n\000s}{}% 15
\BOOKMARK [2][-]{subsection.5.1}{\376\377\000R\000e\000c\000a\000l\000l}{section.5}% 16
\BOOKMARK [2][-]{subsection.5.2}{\376\377\000D\000e\000f\000i\000n\000i\000t\000i\000o\000n}{section.5}% 17
\BOOKMARK [1][-]{section.6}{\376\377\000F\000.\000O\000.\000R\000\040\000i\000n\000\040\0002\000-\000D}{}% 18
\BOOKMARK [1][-]{section.7}{\376\377\000R\000e\000v\000i\000e\000w\000\040\000o\000f\000\040\000N\000e\000t\000w\000o\000n\000'\000s\000\040\000L\000a\000w\000s\000\040\000o\000f\000\040\000M\000o\000n\000t\000i\000o\000n}{}% 19
\BOOKMARK [2][-]{subsection.7.1}{\376\377\000N\000e\000t\000w\000o\000n\000'\000s\000\040\000F\000i\000r\000s\000t\000\040\000L\000a\000w\000s}{section.7}% 20
\BOOKMARK [2][-]{subsection.7.2}{\376\377\000N\000e\000w\000t\000o\000n\000'\000s\000\040\000s\000e\000c\000o\000n\000d\000\040\000L\000a\000w}{section.7}% 21
\BOOKMARK [2][-]{subsection.7.3}{\376\377\000N\000e\000w\000t\000o\000n\000'\000s\000\040\000T\000h\000i\000r\000d\000\040\000L\000a\000w}{section.7}% 22
\BOOKMARK [2][-]{subsection.7.4}{\376\377\000F\000r\000e\000e\000\040\000B\000o\000d\000y\000\040\000D\000i\000a\000g\000r\000a\000m\000s\000\040\000\050\000F\000B\000D\000\051}{section.7}% 23
\BOOKMARK [2][-]{subsection.7.5}{\376\377\000A\000p\000p\000l\000i\000c\000a\000t\000i\000o\000n\000\040\000o\000f\000\040\000N\000e\000w\000t\000o\000n\000'\000s\000\040\000s\000e\000c\000o\000n\000d\000\040\000L\000a\000w}{section.7}% 24
\BOOKMARK [1][-]{section.8}{\376\377\000R\000e\000v\000i\000e\000w\000\040\000o\000f\000\040\000P\000r\000o\000j\000e\000c\000t\000i\000l\000e\000\040\000M\000o\000t\000i\000o\000n}{}% 25
\BOOKMARK [2][-]{subsection.8.1}{\376\377\000b\000a\000s\000i\000c}{section.8}% 26
\BOOKMARK [2][-]{subsection.8.2}{\376\377\000S\000p\000e\000c\000i\000a\000l\000\040\000f\000o\000r\000m\000u\000l\000a}{section.8}% 27
\BOOKMARK [2][-]{subsection.8.3}{\376\377\000A\000n\000\040\000e\000x\000a\000m\000p\000l\000e\000\040\000q\000u\000e\000s\000t\000i\000o\000n}{section.8}% 28
\BOOKMARK [1][-]{section.9}{\376\377\000F\000r\000i\000c\000t\000i\000o\000n}{}% 29
\BOOKMARK [2][-]{subsection.9.1}{\376\377\000K\000i\000n\000e\000t\000i\000c\000\040\000F\000r\000i\000c\000t\000i\000o\000n}{section.9}% 30
\BOOKMARK [2][-]{subsection.9.2}{\376\377\000S\000t\000a\000t\000i\000c\000\040\000F\000r\000i\000c\000t\000i\000o\000n}{section.9}% 31
\BOOKMARK [2][-]{subsection.9.3}{\376\377\000R\000e\000m\000a\000i\000n\000d\000e\000r}{section.9}% 32
\BOOKMARK [1][-]{section.10}{\376\377\000T\000e\000n\000s\000i\000o\000n\000,\000\040\000c\000o\000m\000p\000r\000e\000s\000s\000i\000o\000n\000\040\000a\000n\000d\000\040\000P\000u\000l\000l\000e\000y\000s}{}% 33
\BOOKMARK [2][-]{subsection.10.1}{\376\377\000T\000e\000n\000t\000i\000o\000n\000:\000\040\000T}{section.10}% 34
\BOOKMARK [2][-]{subsection.10.2}{\376\377\000C\000o\000m\000p\000r\000e\000s\000s\000i\000o\000n\000:\000\040\000C}{section.10}% 35
\BOOKMARK [1][-]{section.11}{\376\377\000I\000n\000c\000l\000i\000n\000e\000d\000\040\000p\000l\000a\000n\000e\000\040\000w\000i\000t\000h\000\040\000F\000r\000i\000c\000t\000i\000o\000n}{}% 36
\BOOKMARK [2][-]{subsection.11.1}{\376\377\000H\000o\000w\000\040\000t\000o\000\040\000d\000e\000t\000e\000r\000m\000i\000n\000e\000\040\000t\000h\000e\000\040\000d\000i\000r\000e\000c\000t\000i\000o\000n\000\040\000t\000h\000a\000t\000\040\000t\000h\000e\000\040\000s\000y\000s\000t\000e\000m\000\040\000w\000i\000l\000l\000\040\000l\000i\000k\000e\000l\000y\000\040\000t\000o\000\040\000a\000c\000c\000e\000l\000e\000r\000a\000t\000e}{section.11}% 37
\BOOKMARK [2][-]{subsection.11.2}{\376\377\000E\000x\000a\000m\000p\000l\000e\000\040\000t\000e\000m\000p\000l\000a\000t\000e}{section.11}% 38
\BOOKMARK [1][-]{section.12}{\376\377\000P\000r\000o\000p\000o\000r\000t\000i\000o\000n\000a\000l\000i\000t\000y}{}% 39
\BOOKMARK [1][-]{section.13}{\376\377\000F\000i\000c\000t\000i\000t\000i\000o\000u\000s\000\040\000F\000o\000r\000c\000e\000s\000\040\000a\000n\000d\000\040\000A\000p\000p\000a\000r\000e\000n\000t\000\040\000W\000e\000i\000g\000h\000t}{}% 40
\BOOKMARK [2][-]{subsection.13.1}{\376\377\000C\000o\000m\000p\000a\000r\000e\000\040\000I\000n\000e\000r\000t\000i\000a\000l\000\040\000a\000n\000d\000\040\000n\000o\000n\000-\000i\000n\000e\000r\000t\000i\000a\000l\000\040\000F\000.\000O\000.\000R}{section.13}% 41
\BOOKMARK [3][-]{subsubsection.13.1.1}{\376\377\000I\000n\000e\000r\000t\000i\000a\000l\000\040\000F\000.\000O\000.\000R}{subsection.13.1}% 42
\BOOKMARK [3][-]{subsubsection.13.1.2}{\376\377\000N\000o\000n\000-\000I\000n\000e\000r\000t\000i\000a\000l\000\040\000F\000.\000O\000.\000R}{subsection.13.1}% 43
\BOOKMARK [2][-]{subsection.13.2}{\376\377\000F\000i\000c\000t\000i\000t\000i\000o\000u\000s\000\040\000F\000o\000r\000c\000e\000s}{section.13}% 44
\BOOKMARK [2][-]{subsection.13.3}{\376\377\000A\000p\000p\000a\000r\000e\000n\000t\000\040\000W\000e\000i\000g\000h\000t}{section.13}% 45
\BOOKMARK [2][-]{subsection.13.4}{\376\377\000S\000o\000m\000e\000\040\000o\000f\000\040\000t\000h\000e\000\040\000f\000o\000r\000m\000u\000l\000a\000s}{section.13}% 46
\BOOKMARK [1][-]{section.14}{\376\377\000L\000e\000c\000t\000u\000r\000e\000\040\0002\000.\0005}{}% 47
\BOOKMARK [2][-]{subsection.14.1}{\376\377\000U\000n\000i\000f\000o\000r\000m\000\040\000C\000i\000r\000c\000u\000l\000a\000r\000\040\000M\000o\000t\000i\000o\000n}{section.14}% 48
\BOOKMARK [2][-]{subsection.14.2}{\376\377\000C\000e\000n\000t\000r\000i\000p\000e\000t\000a\000l\000\040\000a\000c\000c\000e\000l\000e\000r\000a\000t\000i\000o\000n}{section.14}% 49
\BOOKMARK [2][-]{subsection.14.3}{\376\377\000F\000o\000r\000m\000u\000l\000a\000s}{section.14}% 50
\BOOKMARK [1][-]{section.15}{\376\377\000M\000o\000t\000i\000o\000n\000\040\000o\000f\000\040\000a\000\040\000c\000a\000r\000\040\000o\000n\000\040\000B\000a\000n\000k\000e\000d\000\040\000T\000u\000r\000n}{}% 51
\BOOKMARK [2][-]{subsection.15.1}{\376\377\000F\000o\000r\000c\000e\000s}{section.15}% 52
\BOOKMARK [2][-]{subsection.15.2}{\376\377\000C\000r\000i\000t\000i\000c\000a\000l\000\040\000S\000p\000e\000e\000d}{section.15}% 53
\BOOKMARK [1][-]{section.16}{\376\377\000U\000n\000i\000v\000e\000r\000s\000a\000l\000\040\000G\000r\000a\000v\000i\000t\000a\000t\000i\000o\000n\000,\000\040\000G\000r\000a\000v\000i\000t\000a\000t\000i\000o\000n\000a\000l\000\040\000f\000i\000e\000l\000d}{}% 54
\BOOKMARK [2][-]{subsection.16.1}{\376\377\000F\000o\000r\000c\000e\000\040\000o\000f\000\040\000G\000r\000a\000v\000i\000t\000y}{section.16}% 55
\BOOKMARK [2][-]{subsection.16.2}{\376\377\000G\000r\000a\000v\000a\000t\000i\000o\000n\000a\000l\000\040\000F\000i\000e\000l\000d\000s}{section.16}% 56
\BOOKMARK [2][-]{subsection.16.3}{\376\377\000D\000i\000f\000f\000e\000r\000e\000n\000c\000e\000s\000\040\000b\000e\000t\000w\000e\000e\000n\000\040\000s\000t\000r\000e\000n\000g\000t\000h\000\040\000o\000f\000\040\000g\000r\000a\000v\000i\000t\000y\000\040\000a\000n\000d\000\040\000a\000c\000c\000e\000l\000e\000r\000a\000t\000i\000o\000n}{section.16}% 57
\BOOKMARK [1][-]{section.17}{\376\377\000S\000a\000t\000e\000l\000l\000i\000t\000e\000s}{}% 58
\BOOKMARK [2][-]{subsection.17.1}{\376\377\000N\000e\000t\000w\000o\000n\000'\000s\000\040\000C\000a\000n\000n\000o\000n}{section.17}% 59
\BOOKMARK [2][-]{subsection.17.2}{\376\377\000G\000e\000o\000s\000y\000n\000c\000h\000r\000o\000n\000o\000u\000s}{section.17}% 60
\BOOKMARK [2][-]{subsection.17.3}{\376\377\000F\000o\000r\000m\000u\000l\000a\000s\000\040\000r\000e\000l\000a\000t\000e\000d\000\040\000t\000o\000\040\000s\000a\000t\000e\000l\000l\000i\000t\000e}{section.17}% 61
\BOOKMARK [1][-]{section.18}{\376\377\000R\000o\000t\000a\000t\000i\000n\000g\000\040\000F\000r\000a\000m\000e\000\040\000o\000f\000\040\000R\000e\000f\000e\000r\000e\000n\000c\000e}{}% 62
\BOOKMARK [2][-]{subsection.18.1}{\376\377\000L\000i\000t\000t\000l\000e\000\040\000p\000r\000o\000b\000l\000e\000m}{section.18}% 63
\BOOKMARK [2][-]{subsection.18.2}{\376\377\000P\000e\000r\000c\000e\000i\000v\000e\000d\000\040\000A\000c\000c\000e\000l\000e\000r\000a\000t\000i\000o\000n\000\040\000i\000n\000\040\000a\000\040\000R\000o\000t\000a\000t\000i\000n\000g\000\040\000F\000r\000a\000m\000e\000\040\000o\000f\000\040\000R\000e\000f\000e\000r\000e\000n\000c\000e}{section.18}% 64
\BOOKMARK [1][-]{section.19}{\376\377\000W\000o\000r\000k\000\040\000a\000n\000d\000\040\000K\000i\000n\000e\000t\000i\000c\000\040\000E\000n\000e\000r\000g\000y}{}% 65
\BOOKMARK [2][-]{subsection.19.1}{\376\377\000K\000i\000n\000e\000t\000i\000c\000\040\000E\000n\000e\000r\000g\000y}{section.19}% 66
\BOOKMARK [2][-]{subsection.19.2}{\376\377\000M\000e\000c\000h\000a\000n\000c\000i\000a\000l\000\040\000W\000o\000r\000k}{section.19}% 67
\BOOKMARK [3][-]{subsubsection.19.2.1}{\376\377\000W\000h\000a\000t\000\040\000d\000o\000e\000s\000\040\000t\000h\000e\000\040\000s\000i\000g\000n\000\040\000o\000f\000\040\000t\000h\000e\000\040\000w\000o\000r\000k\000\040\000m\000e\000a\000n\000?}{subsection.19.2}% 68
\BOOKMARK [1][-]{section.20}{\376\377\000G\000r\000a\000v\000a\000t\000i\000o\000n\000a\000l\000\040\000P\000o\000t\000e\000n\000t\000i\000a\000l\000\040\000E\000n\000e\000r\000g\000y}{}% 69
\BOOKMARK [2][-]{subsection.20.1}{\376\377\000S\000o\000m\000e\000\040\000b\000o\000r\000i\000n\000g\000\040\000d\000e\000f\000i\000n\000i\000t\000i\000o\000n\000s}{section.20}% 70
\BOOKMARK [2][-]{subsection.20.2}{\376\377\000F\000o\000r\000m\000u\000l\000a\000s\000\040\000f\000o\000r\000\040\000G\000P\000E}{section.20}% 71
\BOOKMARK [1][-]{section.21}{\376\377\000T\000h\000e\000\040\000l\000a\000w\000\040\000o\000f\000\040\000t\000h\000e\000\040\000C\000o\000n\000s\000e\000r\000v\000a\000t\000i\000o\000n\000\040\000o\000f\000\040\000E\000n\000e\000r\000g\000y}{}% 72
\BOOKMARK [2][-]{subsection.21.1}{\376\377\000B\000o\000r\000i\000n\000g\000\040\000D\000e\000f\000i\000n\000i\000t\000i\000o\000n\000s}{section.21}% 73
\BOOKMARK [2][-]{subsection.21.2}{\376\377\000Q\000u\000e\000s\000t\000i\000o\000n\000\040\000s\000o\000l\000v\000i\000n\000g\000\040\000t\000e\000c\000h\000n\000i\000q\000u\000e\000s}{section.21}% 74
\BOOKMARK [1][-]{section.22}{\376\377\000S\000t\000r\000i\000n\000g\000\040\000\046\000\040\000E\000l\000a\000s\000t\000i\000c\000\040\000P\000o\000t\000e\000n\000t\000i\000a\000l\000\040\000E\000n\000e\000r\000g\000y}{}% 75
\BOOKMARK [2][-]{subsection.22.1}{\376\377\000T\000h\000e\000\040\000F\000o\000r\000c\000e\000\040\000o\000f\000\040\000S\000t\000r\000i\000n\000g}{section.22}% 76
\BOOKMARK [2][-]{subsection.22.2}{\376\377\000E\000l\000a\000s\000t\000i\000c\000\040\000P\000o\000t\000e\000n\000t\000i\000a\000l\000\040\000E\000n\000e\000r\000g\000y}{section.22}% 77
\BOOKMARK [2][-]{subsection.22.3}{\376\377\000I\000g\000n\000o\000r\000e\000\040\000G\000r\000a\000v\000a\000t\000i\000o\000n\000a\000l\000\040\000P\000o\000t\000e\000n\000t\000i\000a\000l\000\040\000E\000n\000e\000r\000g\000y}{section.22}% 78
\BOOKMARK [1][-]{section.23}{\376\377\000S\000i\000m\000p\000l\000e\000\040\000H\000a\000r\000m\000o\000n\000i\000c\000\040\000M\000o\000t\000i\000o\000n}{}% 79
\BOOKMARK [2][-]{subsection.23.1}{\376\377\000D\000e\000f\000i\000n\000i\000t\000i\000o\000n\000s}{section.23}% 80
\BOOKMARK [3][-]{subsubsection.23.1.1}{\376\377\000S\000i\000m\000p\000l\000e\000\040\000H\000a\000r\000m\000o\000n\000i\000c\000\040\000M\000o\000t\000i\000o\000n}{subsection.23.1}% 81
\BOOKMARK [3][-]{subsubsection.23.1.2}{\376\377\000E\000x\000p\000e\000c\000t\000a\000t\000i\000o\000n\000s}{subsection.23.1}% 82
\BOOKMARK [2][-]{subsection.23.2}{\376\377\000H\000o\000w\000\040\000c\000a\000n\000\040\000w\000e\000\040\000s\000o\000l\000v\000e\000\040\000f\000o\000r\000m\000\040\000t\000h\000e\000\040\000a\000c\000c\000e\000l\000e\000r\000a\000t\000i\000o\000n\000\040\000o\000f\000\040\000S\000H\000M}{section.23}% 83
\BOOKMARK [2][-]{subsection.23.3}{\376\377\000T\000h\000e\000\040\000p\000e\000r\000i\000o\000d\000\040\000o\000f\000\040\000t\000h\000e\000\040\000S\000i\000m\000p\000l\000e\000\040\000H\000a\000r\000m\000o\000n\000i\000c\000\040\000M\000o\000t\000i\000o\000n}{section.23}% 84
\BOOKMARK [1][-]{section.24}{\376\377\000L\000i\000n\000e\000a\000r\000\040\000M\000o\000m\000e\000n\000t\000u\000m\000\040\000\046\000\040\000I\000m\000p\000u\000l\000s\000e}{}% 85
\BOOKMARK [2][-]{subsubsection.24.0.1}{\376\377\000L\000i\000n\000e\000a\000r\000\040\000M\000o\000m\000e\000n\000t\000u\000m}{section.24}% 86
\BOOKMARK [3][-]{subsubsection.24.0.2}{\376\377\000I\000m\000p\000u\000l\000s\000e}{subsubsection.24.0.1}% 87
\BOOKMARK [1][-]{section.25}{\376\377\000C\000o\000n\000s\000e\000r\000v\000a\000t\000i\000o\000n\000\040\000o\000f\000\040\000M\000o\000m\000e\000n\000t\000u\000m}{}% 88
\BOOKMARK [2][-]{subsection.25.1}{\376\377\000E\000q\000u\000a\000t\000i\000o\000n}{section.25}% 89
\BOOKMARK [1][-]{section.26}{\376\377\000T\000y\000p\000e\000s\000\040\000o\000f\000\040\000C\000o\000l\000l\000i\000s\000i\000o\000n\000s}{}% 90
\BOOKMARK [2][-]{subsection.26.1}{\376\377\000D\000e\000f\000i\000n\000i\000t\000i\000o\000n\000s}{section.26}% 91
\BOOKMARK [2][-]{subsection.26.2}{\376\377\000E\000l\000a\000s\000t\000i\000c\000\040\000C\000o\000l\000l\000i\000s\000i\000o\000n\000s}{section.26}% 92
\BOOKMARK [3][-]{subsubsection.26.2.1}{\376\377\000S\000t\000e\000p\000s\000\040\000o\000f\000\040\000t\000h\000e\000\040\000c\000o\000l\000l\000i\000s\000i\000o\000n}{subsection.26.2}% 93
\BOOKMARK [3][-]{subsubsection.26.2.2}{\376\377\000H\000e\000a\000d\000-\000o\000n\000\040\000C\000o\000l\000l\000i\000s\000i\000o\000n}{subsection.26.2}% 94
\BOOKMARK [2][-]{subsection.26.3}{\376\377\000I\000n\000e\000l\000a\000s\000i\000c\000\040\000C\000o\000l\000l\000i\000s\000i\000o\000n}{section.26}% 95
\BOOKMARK [3][-]{subsubsection.26.3.1}{\376\377\000C\000o\000m\000p\000l\000e\000t\000e\000l\000y\000\040\000i\000n\000e\000l\000a\000s\000t\000i\000c\000\040\000c\000o\000l\000l\000i\000s\000i\000o\000n}{subsection.26.3}% 96
\BOOKMARK [1][-]{section.27}{\376\377\000H\000E\000A\000D\000-\000O\000N\000\040\000C\000o\000l\000l\000i\000s\000i\000o\000n\000s}{}% 97
\BOOKMARK [2][-]{subsection.27.1}{\376\377\000E\000q\000u\000a\000t\000i\000o\000n\000s}{section.27}% 98
\BOOKMARK [1][-]{section.28}{\376\377\000R\000e\000a\000l\000\040\000G\000r\000a\000v\000i\000t\000a\000t\000o\000n\000a\000l\000\040\000P\000o\000t\000e\000n\000t\000i\000a\000l\000\040\000E\000n\000e\000r\000g\000y}{}% 99
\BOOKMARK [2][-]{subsection.28.1}{\376\377\000R\000e\000a\000l\000\040\000g\000r\000a\000v\000i\000t\000i\000o\000n\000a\000l\000\040\000p\000o\000t\000e\000n\000t\000i\000a\000l\000\040\000E\000n\000e\000r\000g\000y}{section.28}% 100
\BOOKMARK [2][-]{subsection.28.2}{\376\377\000S\000a\000t\000e\000l\000l\000i\000t\000e}{section.28}% 101
\BOOKMARK [1][-]{section.29}{\376\377\000E\000s\000c\000a\000p\000e\000\040\000f\000r\000o\000m\000\040\000a\000\040\000G\000r\000a\000v\000a\000t\000i\000o\000n\000a\000l\000\040\000F\000i\000e\000l\000d}{}% 102
\BOOKMARK [2][-]{subsubsection.29.0.1}{\376\377\000S\000o\000l\000v\000e\000\040\000f\000o\000r\000\040\000E\000s\000c\000a\000p\000e\000\040\000V\000e\000l\000o\000c\000i\000t\000y}{section.29}% 103
\BOOKMARK [3][-]{subsubsection.29.0.2}{\376\377\000P\000o\000t\000e\000n\000t\000i\000a\000l\000\040\000C\000o\000m\000m\000u\000n\000i\000c\000a\000t\000i\000o\000n\000\040\000Q\000u\000e\000s\000t\000i\000o\000n}{subsubsection.29.0.1}% 104
\BOOKMARK [1][-]{section.30}{\376\377\000R\000e\000v\000i\000e\000w\000\040\000o\000f\000\040\000E\000l\000e\000c\000t\000r\000o\000n\000s\000t\000a\000t\000i\000c\000s}{}% 105
\BOOKMARK [2][-]{subsection.30.1}{\376\377\000E\000l\000e\000c\000t\000r\000i\000c\000\040\000C\000h\000a\000r\000g\000e}{section.30}% 106
\BOOKMARK [3][-]{subsubsection.30.1.1}{\376\377\000E\000l\000e\000c\000t\000r\000o\000n}{subsection.30.1}% 107
\BOOKMARK [3][-]{subsubsection.30.1.2}{\376\377\000C\000h\000a\000r\000g\000e\000\040\000o\000f\000\040\000a\000t\000o\000m}{subsection.30.1}% 108
\BOOKMARK [3][-]{subsubsection.30.1.3}{\376\377\000C\000o\000u\000l\000o\000m\000b}{subsection.30.1}% 109
\BOOKMARK [2][-]{subsection.30.2}{\376\377\000C\000o\000n\000d\000u\000c\000t\000o\000r\000s\000\040\000a\000n\000d\000\040\000I\000n\000s\000u\000l\000a\000t\000o\000r\000s}{section.30}% 110
\BOOKMARK [2][-]{subsection.30.3}{\376\377\000D\000i\000f\000f\000e\000r\000e\000n\000t\000\040\000m\000e\000t\000h\000o\000d\000s\000\040\000o\000f\000\040\000c\000h\000a\000r\000g\000i\000n\000g}{section.30}% 111
\BOOKMARK [3][-]{subsubsection.30.3.1}{\376\377\000C\000h\000a\000r\000g\000i\000n\000g\000\040\000a\000n\000\040\000O\000b\000j\000e\000c\000t\000\040\000b\000y\000\040\000F\000r\000i\000c\000t\000i\000o\000n}{subsection.30.3}% 112
\BOOKMARK [3][-]{subsubsection.30.3.2}{\376\377\000C\000a\000r\000g\000i\000n\000g\000\040\000a\000n\000\040\000o\000b\000j\000e\000c\000t\000\040\000b\000y\000\040\000I\000n\000d\000u\000c\000e\000d\000\040\000C\000h\000a\000r\000g\000e\000\040\000S\000e\000p\000a\000r\000a\000t\000i\000o\000n}{subsection.30.3}% 113
\BOOKMARK [3][-]{subsubsection.30.3.3}{\376\377\000C\000h\000a\000r\000g\000i\000n\000g\000\040\000b\000y\000\040\000C\000o\000n\000t\000a\000c\000t}{subsection.30.3}% 114
\BOOKMARK [3][-]{subsubsection.30.3.4}{\376\377\000C\000h\000a\000r\000g\000i\000n\000g\000\040\000b\000y\000\040\000I\000n\000d\000u\000c\000t\000i\000o\000n}{subsection.30.3}% 115
\BOOKMARK [1][-]{section.31}{\376\377\000C\000o\000u\000l\000o\000m\000b\000'\000s\000\040\000L\000a\000w}{}% 116
\BOOKMARK [2][-]{subsection.31.1}{\376\377\000B\000a\000c\000k\000g\000r\000o\000u\000n\000d}{section.31}% 117
\BOOKMARK [2][-]{subsection.31.2}{\376\377\000F\000o\000r\000m\000u\000l\000a}{section.31}% 118
\BOOKMARK [3][-]{subsubsection.31.2.1}{\376\377\000P\000o\000i\000n\000t\000\040\000C\000h\000a\000r\000g\000e}{subsection.31.2}% 119
\BOOKMARK [3][-]{subsubsection.31.2.2}{\376\377\000C\000o\000m\000p\000a\000r\000e\000d\000\040\000t\000o\000\040\000F\000g\000\040\000=\000\040\000G\000m\0001\000m\0002\000R\0002}{subsection.31.2}% 120
\BOOKMARK [1][-]{section.32}{\376\377\000E\000l\000e\000c\000t\000r\000i\000c\000\040\000F\000i\000e\000l\000d\000s}{}% 121
\BOOKMARK [2][-]{subsubsection.32.0.1}{\376\377\000P\000a\000r\000a\000l\000l\000e\000l\000\040\000P\000l\000a\000t\000e\000s}{section.32}% 122
\BOOKMARK [3][-]{subsubsection.32.0.2}{\376\377\000F\000o\000r\000m\000u\000l\000a\000s}{subsubsection.32.0.1}% 123
\BOOKMARK [1][-]{section.33}{\376\377\000E\000l\000e\000c\000t\000r\000i\000c\000\040\000P\000o\000t\000e\000n\000t\000i\000a\000l\000\040\000E\000n\000e\000r\000g\000y\000\040\000\046\000\040\000E\000l\000e\000c\000t\000r\000i\000c\000\040\000P\000o\000t\000e\000n\000t\000i\000a\000l}{}% 124
\BOOKMARK [2][-]{subsection.33.1}{\376\377\000E\000l\000e\000c\000t\000r\000i\000c\000\040\000P\000o\000t\000e\000n\000t\000i\000a\000l\000\040\000E\000n\000e\000r\000g\000y}{section.33}% 125
\BOOKMARK [3][-]{subsubsection.33.1.1}{\376\377\000F\000o\000r\000m\000u\000l\000a}{subsection.33.1}% 126
\BOOKMARK [2][-]{subsection.33.2}{\376\377\000E\000l\000e\000c\000t\000r\000i\000c\000\040\000P\000o\000t\000e\000n\000t\000i\000a\000l\000\040\000f\000o\000r\000\040\000P\000o\000i\000n\000t\000\040\000C\000h\000a\000r\000g\000e\000s}{section.33}% 127
\BOOKMARK [3][-]{subsubsection.33.2.1}{\376\377\000F\000o\000r\000m\000u\000l\000a}{subsection.33.2}% 128
\BOOKMARK [3][-]{subsubsection.33.2.2}{\376\377\000C\000a\000l\000c\000u\000l\000a\000t\000e\000\040\000t\000h\000e\000\040\000e\000l\000e\000c\000t\000r\000i\000c\000a\000l\000\040\000p\000o\000t\000e\000n\000t\000i\000a\000l\000\040\000a\000r\000o\000u\000n\000d\000\040\000a\000\040\000p\000o\000i\000n\000t\000\040\000c\000h\000a\000r\000g\000e}{subsection.33.2}% 129
\BOOKMARK [1][-]{section.34}{\376\377\000E\000l\000e\000c\000t\000r\000i\000c\000a\000l\000\040\000P\000o\000t\000e\000n\000t\000i\000a\000l\000\040\000D\000i\000f\000f\000e\000r\000e\000n\000c\000e}{}% 130
\BOOKMARK [2][-]{subsubsection.34.0.1}{\376\377\000F\000o\000r\000m\000u\000l\000a}{section.34}% 131
\BOOKMARK [1][-]{section.35}{\376\377\000T\000h\000e\000\040\000e\000l\000e\000c\000t\000r\000i\000c\000a\000l\000\040\000f\000i\000e\000l\000d\000\040\000i\000n\000\040\000b\000e\000t\000w\000e\000e\000n\000\040\000t\000w\000o\000\040\000c\000h\000a\000r\000g\000e\000d\000\040\000p\000a\000r\000a\000l\000l\000e\000l\000\040\000p\000l\000a\000t\000e\000s}{}% 132
\BOOKMARK [2][-]{subsubsection.35.0.1}{\376\377\000D\000e\000r\000i\000v\000e\000\040\000o\000f\000\040\000E\000\040\000=\000\040\000V\000d}{section.35}% 133
\BOOKMARK [1][-]{section.36}{\376\377\000I\000n\000t\000r\000o\000\040\000t\000o\000\040\000M\000a\000g\000n\000e\000t\000i\000s\000m}{}% 134
\BOOKMARK [2][-]{subsection.36.1}{\376\377\000S\000o\000l\000e\000n\000o\000i\000d}{section.36}% 135
\BOOKMARK [2][-]{subsection.36.2}{\376\377\000M\000a\000g\000n\000e\000t\000i\000c\000\040\000D\000o\000m\000a\000i\000n\000\040\000T\000h\000e\000o\000r\000y}{section.36}% 136
\BOOKMARK [3][-]{subsubsection.36.2.1}{\376\377\000F\000a\000c\000t\000o\000r\000s\000\040\000a\000f\000f\000e\000c\000t\000i\000n\000g\000\040\000t\000h\000e\000\040\000m\000a\000g\000n\000e\000t\000i\000c\000\040\000f\000i\000e\000l\000d\000\040\000c\000r\000e\000a\000t\000e\000d\000\040\000b\000y\000\040\000a\000\040\000p\000e\000r\000m\000a\000n\000e\000n\000t\000\040\000m\000a\000g\000n\000e\000t}{subsection.36.2}% 137
\BOOKMARK [1][-]{section.37}{\376\377\000M\000a\000g\000n\000e\000t\000i\000c\000\040\000F\000o\000r\000c\000e\000\040\000o\000n\000\040\000M\000o\000v\000i\000n\000g\000\040\000C\000h\000a\000r\000g\000e\000s}{}% 138
\BOOKMARK [2][-]{subsection.37.1}{\376\377\000M\000a\000g\000n\000e\000t\000i\000c\000\040\000F\000o\000r\000c\000e}{section.37}% 139
\BOOKMARK [3][-]{subsubsection.37.1.1}{\376\377\000W\000h\000y\000\040\000e\000l\000e\000c\000t\000r\000o\000n\000\040\000c\000r\000e\000a\000t\000e\000s\000\040\000a\000\040\000m\000a\000g\000n\000e\000t\000i\000c\000\040\000f\000i\000e\000l\000d}{subsection.37.1}% 140
\BOOKMARK [2][-]{subsection.37.2}{\376\377\000R\000i\000g\000h\000t\000\040\000H\000a\000n\000d\000\040\000R\000u\000l\000e}{section.37}% 141
\BOOKMARK [1][-]{section.38}{\376\377\000T\000h\000e\000\040\000m\000o\000t\000i\000o\000n\000\040\000o\000f\000\040\000C\000h\000a\000r\000g\000e\000d\000\040\000P\000a\000r\000t\000i\000c\000l\000e\000s\000\040\000i\000n\000\040\000M\000a\000g\000n\000e\000t\000i\000c\000\040\000F\000i\000e\000l\000d\000s}{}% 142
\BOOKMARK [2][-]{subsubsection.38.0.1}{\376\377\000W\000h\000a\000t\000\040\000w\000i\000l\000l\000\040\000t\000h\000e\000\040\000m\000o\000t\000i\000o\000n\000\040\000o\000f\000\040\000t\000h\000e\000\040\000p\000a\000r\000t\000i\000c\000l\000e\000\040\000l\000o\000o\000k\000\040\000l\000i\000k\000e}{section.38}% 143
\BOOKMARK [3][-]{subsubsection.38.0.2}{\376\377\000A\000u\000r\000o\000r\000a\000\040\000B\000o\000r\000e\000a\000l\000i\000s}{subsubsection.38.0.1}% 144
\BOOKMARK [3][-]{subsubsection.38.0.3}{\376\377\000M\000a\000s\000s\000\040\000S\000p\000e\000c\000t\000r\000o\000m\000e\000t\000e\000r\000s}{subsubsection.38.0.1}% 145
\BOOKMARK [1][-]{section.39}{\376\377\000T\000h\000e\000\040\000M\000a\000g\000n\000e\000t\000i\000c\000\040\000F\000o\000r\000c\000e\000\040\000o\000n\000\040\000a\000\040\000S\000t\000r\000a\000i\000g\000h\000t\000\040\000C\000o\000n\000d\000u\000c\000t\000o\000r}{}% 146
\BOOKMARK [2][-]{subsection.39.1}{\376\377\000D\000e\000f\000i\000n\000i\000t\000i\000o\000n\000s}{section.39}% 147
\BOOKMARK [3][-]{subsubsection.39.1.1}{\376\377\000D\000e\000r\000i\000v\000e\000\040\000a\000\040\000f\000o\000r\000m\000u\000l\000a\000\040\000f\000o\000r\000\040\000t\000h\000e\000\040\000m\000a\000g\000n\000e\000t\000i\000c\000\040\000f\000o\000r\000c\000e\000\040\000o\000n\000\040\000t\000h\000e\000\040\000c\000o\000n\000d\000u\000c\000t\000o\000r}{subsection.39.1}% 148
\BOOKMARK [3][-]{subsubsection.39.1.2}{\376\377\000T\000h\000e\000\040\000d\000i\000r\000e\000c\000t\000i\000o\000n\000\040\000o\000f\000\040\000t\000h\000e\000\040\000f\000o\000r\000c\000e}{subsection.39.1}% 149
\BOOKMARK [2][-]{subsection.39.2}{\376\377\000W\000h\000a\000t\000\040\000i\000s\000\040\000T\000e\000s\000l\000a}{section.39}% 150
