\BOOKMARK [1][-]{section.0.1}{\376\377\000T\000h\000e\000\040\000S\000p\000e\000c\000i\000a\000l\000\040\000T\000h\000e\000o\000r\000y\000\040\000o\000f\000\040\000R\000e\000l\000a\000t\000i\000v\000i\000t\000y}{}% 1
\BOOKMARK [2][-]{subsection.0.1.1}{\376\377\000M\000a\000x\000w\000e\000l\000l\000'\000s\000\040\000a\000s\000s\000u\000m\000p\000t\000i\000o\000n}{section.0.1}% 2
\BOOKMARK [2][-]{subsection.0.1.2}{\376\377\000T\000h\000e\000\040\000S\000p\000e\000c\000i\000a\000l\000\040\000t\000h\000e\000o\000r\000y\000\040\000o\000f\000\040\000r\000e\000l\000a\000t\000i\000v\000i\000t\000y}{section.0.1}% 3
\BOOKMARK [1][-]{section.0.2}{\376\377\000T\000i\000m\000e\000\040\000D\000i\000l\000a\000t\000i\000o\000n}{}% 4
\BOOKMARK [1][-]{section.0.3}{\376\377\000L\000e\000n\000g\000t\000h\000\040\000C\000o\000n\000t\000r\000a\000c\000t\000i\000o\000n\000,\000\040\000S\000i\000m\000u\000l\000t\000a\000n\000e\000i\000t\000y\000,\000\040\000a\000n\000d\000\040\000R\000e\000l\000a\000t\000i\000v\000i\000s\000t\000i\000c\000\040\000M\000o\000m\000e\000n\000t\000u\000m}{}% 5
\BOOKMARK [2][-]{subsection.0.3.1}{\376\377\000L\000e\000n\000g\000t\000h\000\040\000C\000o\000n\000t\000r\000a\000c\000t\000i\000o\000n}{section.0.3}% 6
\BOOKMARK [2][-]{subsection.0.3.2}{\376\377\000R\000e\000l\000a\000t\000i\000v\000i\000t\000y\000\040\000o\000f\000\040\000S\000i\000m\000u\000l\000t\000a\000n\000e\000i\000t\000y}{section.0.3}% 7
\BOOKMARK [2][-]{subsection.0.3.3}{\376\377\000R\000e\000l\000a\000t\000i\000v\000i\000s\000t\000i\000c\000\040\000M\000o\000m\000e\000n\000t\000u\000m}{section.0.3}% 8
\BOOKMARK [1][-]{section.0.4}{\376\377\000M\000a\000s\000s\000-\000E\000n\000e\000r\000g\000y\000\040\000E\000q\000u\000i\000v\000a\000l\000e\000n\000c\000e}{}% 9
\BOOKMARK [1][-]{section.0.5}{\376\377\000I\000n\000t\000r\000o\000d\000u\000c\000t\000i\000o\000n\000\040\000t\000o\000\040\000Q\000u\000a\000n\000t\000u\000m\000\040\000T\000h\000e\000o\000r\000y}{}% 10
\BOOKMARK [2][-]{subsection.0.5.1}{\376\377\000W\000h\000y\000\040\000w\000e\000\040\000n\000e\000e\000d\000\040\000q\000u\000a\000n\000t\000u\000m\000\040\000t\000h\000e\000o\000r\000y}{section.0.5}% 11
\BOOKMARK [2][-]{subsection.0.5.2}{\376\377\000P\000a\000r\000t\000i\000c\000l\000e\000s\000\040\000a\000n\000d\000\040\000W\000a\000v\000e\000s}{section.0.5}% 12
\BOOKMARK [1][-]{section.0.6}{\376\377\000P\000h\000o\000t\000o\000n\000s\000\040\000a\000n\000d\000\040\000t\000h\000e\000\040\000Q\000u\000a\000n\000t\000u\000m\000\040\000T\000h\000e\000o\000r\000y\000\040\000o\000f\000\040\000L\000i\000g\000h\000t}{}% 13
\BOOKMARK [2][-]{subsection.0.6.1}{\376\377\000T\000h\000e\000\040\000W\000o\000r\000k\000\040\000F\000u\000n\000c\000t\000i\000o\000n}{section.0.6}% 14
\BOOKMARK [2][-]{subsection.0.6.2}{\376\377\000T\000h\000e\000\040\000P\000h\000o\000t\000o\000e\000l\000e\000c\000t\000r\000i\000c\000\040\000E\000f\000f\000e\000c\000t}{section.0.6}% 15
\BOOKMARK [2][-]{subsection.0.6.3}{\376\377\000P\000h\000o\000t\000o\000n\000s\000\040\000P\000o\000s\000s\000e\000s\000s\000\040\000E\000n\000e\000r\000g\000y\000\040\000a\000n\000d\000\040\000M\000o\000m\000e\000n\000t\000u\000m}{section.0.6}% 16
\BOOKMARK [2][-]{subsection.0.6.4}{\376\377\000B\000l\000a\000c\000k\000b\000o\000d\000y\000\040\000R\000a\000d\000i\000a\000t\000i\000o\000n}{section.0.6}% 17
\BOOKMARK [2][-]{subsection.0.6.5}{\376\377\000W\000i\000e\000n\000'\000s\000\040\000L\000a\000w}{section.0.6}% 18
\BOOKMARK [1][-]{section.0.7}{\376\377\000W\000a\000v\000e\000\040\000P\000r\000o\000p\000e\000r\000t\000i\000e\000s\000\040\000o\000f\000\040\000C\000l\000a\000s\000s\000i\000c\000a\000l\000\040\000P\000a\000r\000t\000i\000c\000l\000e\000s}{}% 19
\BOOKMARK [2][-]{subsection.0.7.1}{\376\377\000W\000a\000v\000e\000-\000l\000i\000k\000e\000\040\000P\000r\000o\000p\000e\000r\000t\000i\000e\000s\000\040\000o\000f\000\040\000C\000l\000a\000s\000s\000i\000c\000a\000l\000\040\000P\000a\000r\000t\000i\000c\000l\000e\000s}{section.0.7}% 20
\BOOKMARK [2][-]{subsection.0.7.2}{\376\377\000I\000n\000t\000e\000r\000p\000r\000e\000t\000i\000n\000g\000\040\000t\000h\000e\000\040\000D\000o\000u\000b\000l\000e\000-\000S\000l\000i\000t\000\040\000E\000x\000p\000e\000r\000i\000m\000e\000n\000t}{section.0.7}% 21
\BOOKMARK [2][-]{subsection.0.7.3}{\376\377\000T\000h\000e\000\040\000W\000a\000v\000e\000\040\000F\000u\000n\000c\000t\000i\000o\000n\000:\000\040\000A\000\040\000m\000a\000t\000h\000e\000m\000a\000t\000i\000c\000a\000l\000\040\000D\000e\000s\000c\000r\000i\000p\000t\000i\000o\000n\000\040\000o\000f\000\040\000W\000a\000v\000e\000-\000P\000a\000r\000t\000i\000c\000l\000e\000\040\000D\000u\000a\000l\000i\000t\000y}{section.0.7}% 22
\BOOKMARK [2][-]{subsection.0.7.4}{\376\377\000T\000h\000e\000\040\000H\000e\000i\000s\000e\000n\000b\000e\000r\000g\000\040\000U\000n\000c\000e\000r\000t\000a\000i\000n\000t\000y\000\040\000P\000r\000i\000n\000c\000i\000p\000l\000e}{section.0.7}% 23
\BOOKMARK [1][-]{section.0.8}{\376\377\000T\000h\000e\000\040\000S\000t\000a\000n\000d\000a\000r\000d\000\040\000M\000o\000d\000e\000l\000\040\000o\000f\000\040\000E\000l\000e\000m\000e\000n\000t\000a\000r\000y\000\040\000P\000a\000r\000t\000i\000c\000l\000e\000s}{}% 24
\BOOKMARK [2][-]{subsection.0.8.1}{\376\377\000E\000r\000n\000e\000s\000t\000\040\000R\000u\000t\000h\000e\000r\000f\000o\000r\000d}{section.0.8}% 25
\BOOKMARK [2][-]{subsection.0.8.2}{\376\377\000P\000r\000o\000b\000l\000e\000m\000s\000\040\000w\000i\000t\000h\000\040\000t\000h\000e\000\040\000P\000l\000a\000n\000e\000t\000a\000r\000y\000\040\000M\000o\000d\000e\000l}{section.0.8}% 26
\BOOKMARK [2][-]{subsection.0.8.3}{\376\377\000T\000h\000e\000\040\000B\000o\000h\000r\000\040\000M\000o\000d\000e\000l\000\040\000o\000f\000\040\000t\000h\000e\000\040\000A\000t\000o\000m}{section.0.8}% 27
\BOOKMARK [2][-]{subsection.0.8.4}{\376\377\000T\000w\000e\000n\000t\000y\000-\000F\000i\000r\000s\000t\000-\000C\000e\000n\000t\000u\000r\000y\000\040\000P\000h\000y\000s\000i\000c\000s\000\040\000a\000n\000d\000\040\000A\000n\000t\000i\000m\000a\000t\000t\000e\000r}{section.0.8}% 28
\BOOKMARK [2][-]{subsection.0.8.5}{\376\377\000T\000h\000e\000\040\000S\000t\000a\000n\000d\000a\000r\000d\000\040\000M\000o\000d\000e\000l}{section.0.8}% 29
